# JRE version: Java(TM) SE Runtime Environment (9.0+11) (build 9.0.4+11)
# Java VM: Java HotSpot(TM) 64-Bit Server VM (9.0.4+11, mixed mode, tiered, compressed oops, g1 gc, windows-amd64)
Heap:
 garbage-first heap   total 189440K, used 125892K [0x0000000700000000, 0x00000007001005c8, 0x00000007c0000000)
  region size 1024K, 19 young (19456K), 2 survivors (2048K)
 Metaspace       used 86001K, capacity 92110K, committed 92288K, reserved 1128448K
  class space    used 11744K, capacity 12809K, committed 12928K, reserved 1048576K
GC Heap History (10 events):
Event: 2580.056 GC heap before
{Heap before GC invocations=404 (full 9):
 garbage-first heap   total 189440K, used 168743K [0x0000000700000000, 0x00000007001005c8, 0x00000007c0000000)
  region size 1024K, 60 young (61440K), 2 survivors (2048K)
 Metaspace       used 85982K, capacity 92110K, committed 92288K, reserved 1128448K
  class space    used 11744K, capacity 12809K, committed 12928K, reserved 1048576K
}
Event: 2580.059 GC heap after
{Heap after GC invocations=405 (full 9):
 garbage-first heap   total 189440K, used 109251K [0x0000000700000000, 0x00000007001005c8, 0x00000007c0000000)
  region size 1024K, 2 young (2048K), 2 survivors (2048K)
 Metaspace       used 85982K, capacity 92110K, committed 92288K, reserved 1128448K
  class space    used 11744K, capacity 12809K, committed 12928K, reserved 1048576K
}
Event: 2580.060 GC heap before
{Heap before GC invocations=405 (full 9):
 garbage-first heap   total 189440K, used 109251K [0x0000000700000000, 0x00000007001005c8, 0x00000007c0000000)
  region size 1024K, 3 young (3072K), 2 survivors (2048K)
 Metaspace       used 85982K, capacity 92110K, committed 92288K, reserved 1128448K
  class space    used 11744K, capacity 12809K, committed 12928K, reserved 1048576K
}
Event: 2580.063 GC heap after
{Heap after GC invocations=406 (full 9):
 garbage-first heap   total 189440K, used 105201K [0x0000000700000000, 0x00000007001005c8, 0x00000007c0000000)
  region size 1024K, 2 young (2048K), 2 survivors (2048K)
 Metaspace       used 85982K, capacity 92110K, committed 92288K, reserved 1128448K
  class space    used 11744K, capacity 12809K, committed 12928K, reserved 1048576K
}
Event: 2584.663 GC heap before
{Heap before GC invocations=407 (full 9):
 garbage-first heap   total 189440K, used 168689K [0x0000000700000000, 0x00000007001005c8, 0x00000007c0000000)
  region size 1024K, 60 young (61440K), 2 survivors (2048K)
 Metaspace       used 85983K, capacity 92110K, committed 92288K, reserved 1128448K
  class space    used 11744K, capacity 12809K, committed 12928K, reserved 1048576K
}
Event: 2584.667 GC heap after
{Heap after GC invocations=408 (full 9):
 garbage-first heap   total 189440K, used 109532K [0x0000000700000000, 0x00000007001005c8, 0x00000007c0000000)
  region size 1024K, 2 young (2048K), 2 survivors (2048K)
 Metaspace       used 85983K, capacity 92110K, committed 92288K, reserved 1128448K
  class space    used 11744K, capacity 12809K, committed 12928K, reserved 1048576K
}
Event: 2585.683 GC heap before
{Heap before GC invocations=408 (full 9):
 garbage-first heap   total 189440K, used 168924K [0x0000000700000000, 0x00000007001005c8, 0x00000007c0000000)
  region size 1024K, 60 young (61440K), 2 survivors (2048K)
 Metaspace       used 86001K, capacity 92110K, committed 92288K, reserved 1128448K
  class space    used 11744K, capacity 12809K, committed 12928K, reserved 1048576K
}
Event: 2585.687 GC heap after
{Heap after GC invocations=409 (full 9):
 garbage-first heap   total 189440K, used 109408K [0x0000000700000000, 0x00000007001005c8, 0x00000007c0000000)
  region size 1024K, 2 young (2048K), 2 survivors (2048K)
 Metaspace       used 86001K, capacity 92110K, committed 92288K, reserved 1128448K
  class space    used 11744K, capacity 12809K, committed 12928K, reserved 1048576K
}
Event: 2585.979 GC heap before
{Heap before GC invocations=410 (full 9):
 garbage-first heap   total 189440K, used 168800K [0x0000000700000000, 0x00000007001005c8, 0x00000007c0000000)
  region size 1024K, 60 young (61440K), 2 survivors (2048K)
 Metaspace       used 86001K, capacity 92110K, committed 92288K, reserved 1128448K
  class space    used 11744K, capacity 12809K, committed 12928K, reserved 1048576K
}
Event: 2585.982 GC heap after
{Heap after GC invocations=411 (full 9):
 garbage-first heap   total 189440K, used 109508K [0x0000000700000000, 0x00000007001005c8, 0x00000007c0000000)
  region size 1024K, 2 young (2048K), 2 survivors (2048K)
 Metaspace       used 86001K, capacity 92110K, committed 92288K, reserved 1128448K
  class space    used 11744K, capacity 12809K, committed 12928K, reserved 1048576K
}

