# JRE version: Java(TM) SE Runtime Environment (9.0+11) (build 9.0.4+11)
# Java VM: Java HotSpot(TM) 64-Bit Server VM (9.0.4+11, mixed mode, tiered, compressed oops, g1 gc, windows-amd64)
Heap:
 garbage-first heap   total 148480K, used 124649K [0x0000000700000000, 0x0000000700100488, 0x00000007c0000000)
  region size 1024K, 46 young (47104K), 1 survivors (1024K)
 Metaspace       used 77634K, capacity 83194K, committed 83328K, reserved 1120256K
  class space    used 10908K, capacity 11863K, committed 11904K, reserved 1048576K
GC Heap History (10 events):
Event: 125.389 GC heap before
{Heap before GC invocations=104 (full 3):
 garbage-first heap   total 146432K, used 143838K [0x0000000700000000, 0x0000000700100478, 0x00000007c0000000)
  region size 1024K, 60 young (61440K), 2 survivors (2048K)
 Metaspace       used 77489K, capacity 83066K, committed 83328K, reserved 1120256K
  class space    used 10908K, capacity 11863K, committed 11904K, reserved 1048576K
}
Event: 125.392 GC heap after
{Heap after GC invocations=105 (full 3):
 garbage-first heap   total 148480K, used 80500K [0x0000000700000000, 0x0000000700100488, 0x00000007c0000000)
  region size 1024K, 3 young (3072K), 3 survivors (3072K)
 Metaspace       used 77489K, capacity 83066K, committed 83328K, reserved 1120256K
  class space    used 10908K, capacity 11863K, committed 11904K, reserved 1048576K
}
Event: 126.405 GC heap before
{Heap before GC invocations=105 (full 3):
 garbage-first heap   total 148480K, used 138868K [0x0000000700000000, 0x0000000700100488, 0x00000007c0000000)
  region size 1024K, 60 young (61440K), 3 survivors (3072K)
 Metaspace       used 77523K, capacity 83130K, committed 83328K, reserved 1120256K
  class space    used 10908K, capacity 11863K, committed 11904K, reserved 1048576K
}
Event: 126.409 GC heap after
{Heap after GC invocations=106 (full 3):
 garbage-first heap   total 148480K, used 81126K [0x0000000700000000, 0x0000000700100488, 0x00000007c0000000)
  region size 1024K, 3 young (3072K), 3 survivors (3072K)
 Metaspace       used 77523K, capacity 83130K, committed 83328K, reserved 1120256K
  class space    used 10908K, capacity 11863K, committed 11904K, reserved 1048576K
}
Event: 128.762 GC heap before
{Heap before GC invocations=107 (full 3):
 garbage-first heap   total 148480K, used 128230K [0x0000000700000000, 0x0000000700100488, 0x00000007c0000000)
  region size 1024K, 50 young (51200K), 3 survivors (3072K)
 Metaspace       used 77569K, capacity 83194K, committed 83328K, reserved 1120256K
  class space    used 10908K, capacity 11863K, committed 11904K, reserved 1048576K
}
Event: 128.921 GC heap after
{Heap after GC invocations=108 (full 4):
 garbage-first heap   total 148480K, used 78830K [0x0000000700000000, 0x0000000700100488, 0x00000007c0000000)
  region size 1024K, 0 young (0K), 0 survivors (0K)
 Metaspace       used 77569K, capacity 83194K, committed 83328K, reserved 1120256K
  class space    used 10908K, capacity 11863K, committed 11904K, reserved 1048576K
}
Event: 129.510 GC heap before
{Heap before GC invocations=108 (full 4):
 garbage-first heap   total 148480K, used 140270K [0x0000000700000000, 0x0000000700100488, 0x00000007c0000000)
  region size 1024K, 60 young (61440K), 0 survivors (0K)
 Metaspace       used 77580K, capacity 83194K, committed 83328K, reserved 1120256K
  class space    used 10908K, capacity 11863K, committed 11904K, reserved 1048576K
}
Event: 129.512 GC heap after
{Heap after GC invocations=109 (full 4):
 garbage-first heap   total 148480K, used 79521K [0x0000000700000000, 0x0000000700100488, 0x00000007c0000000)
  region size 1024K, 1 young (1024K), 1 survivors (1024K)
 Metaspace       used 77580K, capacity 83194K, committed 83328K, reserved 1120256K
  class space    used 10908K, capacity 11863K, committed 11904K, reserved 1048576K
}
Event: 130.372 GC heap before
{Heap before GC invocations=110 (full 4):
 garbage-first heap   total 148480K, used 139937K [0x0000000700000000, 0x0000000700100488, 0x00000007c0000000)
  region size 1024K, 61 young (62464K), 1 survivors (1024K)
 Metaspace       used 77603K, capacity 83194K, committed 83328K, reserved 1120256K
  class space    used 10908K, capacity 11863K, committed 11904K, reserved 1048576K
}
Event: 130.374 GC heap after
{Heap after GC invocations=111 (full 4):
 garbage-first heap   total 148480K, used 79593K [0x0000000700000000, 0x0000000700100488, 0x00000007c0000000)
  region size 1024K, 1 young (1024K), 1 survivors (1024K)
 Metaspace       used 77603K, capacity 83194K, committed 83328K, reserved 1120256K
  class space    used 10908K, capacity 11863K, committed 11904K, reserved 1048576K
}

